13.2264 	WARNING 	We strongly recommend you activate the PTB sound engine in PsychoPy prefs as the preferred audio engine. Its timing is vastly superior. Your prefs are currently set to use ['sounddevice', 'PTB', 'pyo', 'pygame'] (in that order).
85.1386 	WARNING 	User requested fullscreen with size [1024  768], but screen is actually [1366, 768]. Using actual size
92.6956 	EXP 	Created window1 = Window(allowGUI=True, allowStencil=False, autoLog=True, backendConf=UNKNOWN, bitsMode=UNKNOWN, blendMode='avg', bpc=(8, 8, 8), color=array([0, 0, 0]), colorSpace='rgb', depthBits=8, fullscr=<method-wrapper '__getattribute__' of attributeSetter object at 0x000001EEABA30F40>, gamma=None, gammaErrorPolicy='raise', lms=UNKNOWN, monitor=<psychopy.monitors.calibTools.Monitor object at 0x000001EEAEA38700>, multiSample=False, name='window1', numSamples=2, pos=(0, 0), screen=0, size=array([1366,  768]), stencilBits=0, stereo=False, units='height', useFBO=True, useRetina=False, viewOri=0.0, viewPos=None, viewScale=None, waitBlanking=True, winType='pyglet')
92.6957 	EXP 	window1: mouseVisible = True
92.6959 	EXP 	window1: mouseVisible = False
92.6959 	EXP 	window1: Attempting to measure frame rate of screen (0) ...
92.6960 	EXP 	window1: recordFrameIntervals = False
92.8614 	EXP 	window1: recordFrameIntervals = True
93.0447 	EXP 	Screen (0) actual frame rate measured at 59.89Hz
93.0448 	EXP 	window1: recordFrameIntervals = False
106.3652 	EXP 	Created fixation = ShapeStim(__class__=<class 'psychopy.visual.shape.ShapeStim'>, anchor=('center', 'center'), autoDraw=False, autoLog=True, closeShape=True, color=method-wrapper(...), colorSpace='rgb', contrast=None, depth=0.0, fillColor=array([1, 1, 1]), fillColorSpace='rgb', fillRGB=array([1, 1, 1]), interpolate=True, lineColor=array([1, 1, 1]), lineColorSpace='rgb', lineRGB=array([1, 1, 1]), lineWidth=1.0, name='fixation', opacity=1.0, ori=0.0, pos=array([0., 0.]), size=array([10., 10.]), units='pix', vertices=ndarray(...), win=Window(...), windingRule=None)
106.3676 	EXP 	Created line1 = Rect(__class__=<class 'psychopy.visual.rect.Rect'>, anchor=('center', 'center'), autoDraw=False, autoLog=True, closeShape=True, color=method-wrapper(...), colorSpace='rgb', contrast=None, depth=-1.0, fillColor=array([1, 1, 1]), fillColorSpace='rgb', fillRGB=array([1, 1, 1]), interpolate=True, lineColor=array([1, 1, 1]), lineColorSpace='rgb', lineRGB=array([1, 1, 1]), lineWidth=1.0, name='line1', opacity=1.0, ori=90.0, pos=array([-150.,    0.]), size=array([100.,  10.]), units='pix', vertices=ndarray(...), win=Window(...))
106.3694 	EXP 	Created line2 = Rect(__class__=<class 'psychopy.visual.rect.Rect'>, anchor=('center', 'center'), autoDraw=False, autoLog=True, closeShape=True, color=method-wrapper(...), colorSpace='rgb', contrast=None, depth=-2.0, fillColor=array([1, 1, 1]), fillColorSpace='rgb', fillRGB=array([1, 1, 1]), interpolate=True, lineColor=array([1, 1, 1]), lineColorSpace='rgb', lineRGB=array([1, 1, 1]), lineWidth=1.0, name='line2', opacity=1.0, ori=90.0, pos=array([-50.,   0.]), size=array([100.,  10.]), units='pix', vertices=ndarray(...), win=Window(...))
106.3712 	EXP 	Created line3 = Rect(__class__=<class 'psychopy.visual.rect.Rect'>, anchor=('center', 'center'), autoDraw=False, autoLog=True, closeShape=True, color=method-wrapper(...), colorSpace='rgb', contrast=None, depth=-3.0, fillColor=array([1, 1, 1]), fillColorSpace='rgb', fillRGB=array([1, 1, 1]), interpolate=True, lineColor=array([1, 1, 1]), lineColorSpace='rgb', lineRGB=array([1, 1, 1]), lineWidth=1.0, name='line3', opacity=1.0, ori=90.0, pos=array([50.,  0.]), size=array([100.,  10.]), units='pix', vertices=ndarray(...), win=Window(...))
106.3724 	EXP 	Created line4 = Rect(__class__=<class 'psychopy.visual.rect.Rect'>, anchor=('center', 'center'), autoDraw=False, autoLog=True, closeShape=True, color=method-wrapper(...), colorSpace='rgb', contrast=None, depth=-4.0, fillColor=array([1, 1, 1]), fillColorSpace='rgb', fillRGB=array([1, 1, 1]), interpolate=True, lineColor=array([1, 1, 1]), lineColorSpace='rgb', lineRGB=array([1, 1, 1]), lineWidth=1.0, name='line4', opacity=1.0, ori=90.0, pos=array([150.,   0.]), size=array([100.,  10.]), units='pix', vertices=ndarray(...), win=Window(...))
106.3745 	EXP 	Created probe = ShapeStim(__class__=<class 'psychopy.visual.shape.ShapeStim'>, anchor=('center', 'center'), autoDraw=False, autoLog=True, closeShape=True, color=method-wrapper(...), colorSpace='rgb', contrast=None, depth=-5.0, fillColor=array([1, 1, 1]), fillColorSpace='rgb', fillRGB=array([1, 1, 1]), interpolate=True, lineColor=array([1, 1, 1]), lineColorSpace='rgb', lineRGB=array([1, 1, 1]), lineWidth=1.0, name='probe', opacity=1.0, ori=0.0, pos=array([0., 0.]), size=array([10., 10.]), units='pix', vertices=ndarray(...), win=Window(...), windingRule=None)
106.3760 	EXP 	Created fixation = ShapeStim(__class__=<class 'psychopy.visual.shape.ShapeStim'>, anchor=('center', 'center'), autoDraw=False, autoLog=True, closeShape=True, color=method-wrapper(...), colorSpace='rgb', contrast=None, depth=0.0, fillColor=array([1, 1, 1]), fillColorSpace='rgb', fillRGB=array([1, 1, 1]), interpolate=True, lineColor=array([1, 1, 1]), lineColorSpace='rgb', lineRGB=array([1, 1, 1]), lineWidth=1.0, name='fixation', opacity=1.0, ori=0.0, pos=array([0., 0.]), size=array([10., 10.]), units='pix', vertices=ndarray(...), win=Window(...), windingRule=None)
106.3770 	EXP 	Created line1 = Rect(__class__=<class 'psychopy.visual.rect.Rect'>, anchor=('center', 'center'), autoDraw=False, autoLog=True, closeShape=True, color=method-wrapper(...), colorSpace='rgb', contrast=None, depth=-1.0, fillColor=array([1, 1, 1]), fillColorSpace='rgb', fillRGB=array([1, 1, 1]), interpolate=True, lineColor=array([1, 1, 1]), lineColorSpace='rgb', lineRGB=array([1, 1, 1]), lineWidth=1.0, name='line1', opacity=1.0, ori=90.0, pos=array([-150.,    0.]), size=array([100.,  10.]), units='pix', vertices=ndarray(...), win=Window(...))
106.3782 	EXP 	Created line2 = Rect(__class__=<class 'psychopy.visual.rect.Rect'>, anchor=('center', 'center'), autoDraw=False, autoLog=True, closeShape=True, color=method-wrapper(...), colorSpace='rgb', contrast=None, depth=-2.0, fillColor=array([1, 1, 1]), fillColorSpace='rgb', fillRGB=array([1, 1, 1]), interpolate=True, lineColor=array([1, 1, 1]), lineColorSpace='rgb', lineRGB=array([1, 1, 1]), lineWidth=1.0, name='line2', opacity=1.0, ori=90.0, pos=array([-50.,   0.]), size=array([100.,  10.]), units='pix', vertices=ndarray(...), win=Window(...))
106.3797 	EXP 	Created line3 = Rect(__class__=<class 'psychopy.visual.rect.Rect'>, anchor=('center', 'center'), autoDraw=False, autoLog=True, closeShape=True, color=method-wrapper(...), colorSpace='rgb', contrast=None, depth=-3.0, fillColor=array([1, 1, 1]), fillColorSpace='rgb', fillRGB=array([1, 1, 1]), interpolate=True, lineColor=array([1, 1, 1]), lineColorSpace='rgb', lineRGB=array([1, 1, 1]), lineWidth=1.0, name='line3', opacity=1.0, ori=90.0, pos=array([50.,  0.]), size=array([100.,  10.]), units='pix', vertices=ndarray(...), win=Window(...))
106.3824 	EXP 	Created line4 = Rect(__class__=<class 'psychopy.visual.rect.Rect'>, anchor=('center', 'center'), autoDraw=False, autoLog=True, closeShape=True, color=method-wrapper(...), colorSpace='rgb', contrast=None, depth=-4.0, fillColor=array([1, 1, 1]), fillColorSpace='rgb', fillRGB=array([1, 1, 1]), interpolate=True, lineColor=array([1, 1, 1]), lineColorSpace='rgb', lineRGB=array([1, 1, 1]), lineWidth=1.0, name='line4', opacity=1.0, ori=90.0, pos=array([150.,   0.]), size=array([100.,  10.]), units='pix', vertices=ndarray(...), win=Window(...))
106.3844 	EXP 	Created probe = ShapeStim(__class__=<class 'psychopy.visual.shape.ShapeStim'>, anchor=('center', 'center'), autoDraw=False, autoLog=True, closeShape=True, color=method-wrapper(...), colorSpace='rgb', contrast=None, depth=-5.0, fillColor=array([1, 1, 1]), fillColorSpace='rgb', fillRGB=array([1, 1, 1]), interpolate=True, lineColor=array([1, 1, 1]), lineColorSpace='rgb', lineRGB=array([1, 1, 1]), lineWidth=1.0, name='probe', opacity=1.0, ori=0.0, pos=array([0., 0.]), size=array([10., 10.]), units='pix', vertices=ndarray(...), win=Window(...), windingRule=None)
106.4125 	EXP 	Imported C:/Users/admin/Documents/psychopy/sequence_learning.xlsx as conditions, 4 conditions, 2 params
106.4375 	EXP 	Created sequence: sequential, trialTypes=4, nReps=12, seed=None
106.4381 	EXP 	New trial (rep=0, index=0): {'pos': -50, 'corr_resp': 'x'}
106.5676 	EXP 	fixation: autoDraw = True
107.3906 	EXP 	line1: autoDraw = True
107.3906 	EXP 	line2: autoDraw = True
107.3906 	EXP 	line3: autoDraw = True
107.3906 	EXP 	line4: autoDraw = True
107.5736 	EXP 	fixation: autoDraw = False
108.3903 	EXP 	probe: autoDraw = True
109.2597 	DATA 	Keypress: x
109.3073 	EXP 	New trial (rep=0, index=1): {'pos': 150, 'corr_resp': 'v'}
109.3101 	EXP 	fixation: autoDraw = False
109.3101 	EXP 	line1: autoDraw = False
109.3101 	EXP 	line2: autoDraw = False
109.3101 	EXP 	line3: autoDraw = False
109.3101 	EXP 	line4: autoDraw = False
109.3101 	EXP 	probe: autoDraw = False
109.3101 	EXP 	fixation: autoDraw = True
110.3064 	EXP 	line1: autoDraw = True
110.3064 	EXP 	line2: autoDraw = True
110.3064 	EXP 	line3: autoDraw = True
110.3064 	EXP 	line4: autoDraw = True
110.3230 	EXP 	fixation: autoDraw = False
111.3061 	EXP 	probe: autoDraw = True
112.2574 	EXP 	New trial (rep=0, index=2): {'pos': 50, 'corr_resp': 'c'}
112.2588 	DATA 	Keypress: v
112.2723 	EXP 	fixation: autoDraw = False
112.2723 	EXP 	line1: autoDraw = False
112.2723 	EXP 	line2: autoDraw = False
112.2723 	EXP 	line3: autoDraw = False
112.2723 	EXP 	line4: autoDraw = False
112.2723 	EXP 	probe: autoDraw = False
112.2723 	EXP 	fixation: autoDraw = True
113.2731 	EXP 	fixation: autoDraw = False
113.2731 	EXP 	line1: autoDraw = True
113.2731 	EXP 	line2: autoDraw = True
113.2731 	EXP 	line3: autoDraw = True
113.2731 	EXP 	line4: autoDraw = True
114.2727 	EXP 	probe: autoDraw = True
114.9232 	EXP 	New trial (rep=0, index=3): {'pos': -150, 'corr_resp': 'z'}
114.9243 	DATA 	Keypress: c
114.9385 	EXP 	fixation: autoDraw = False
114.9385 	EXP 	line1: autoDraw = False
114.9385 	EXP 	line2: autoDraw = False
114.9385 	EXP 	line3: autoDraw = False
114.9385 	EXP 	line4: autoDraw = False
114.9385 	EXP 	probe: autoDraw = False
114.9385 	EXP 	fixation: autoDraw = True
115.9382 	EXP 	fixation: autoDraw = False
115.9382 	EXP 	line1: autoDraw = True
115.9382 	EXP 	line2: autoDraw = True
115.9382 	EXP 	line3: autoDraw = True
115.9382 	EXP 	line4: autoDraw = True
116.9382 	EXP 	probe: autoDraw = True
117.6066 	EXP 	New trial (rep=1, index=0): {'pos': -50, 'corr_resp': 'x'}
117.6076 	DATA 	Keypress: z
117.6221 	EXP 	fixation: autoDraw = False
117.6221 	EXP 	line1: autoDraw = False
117.6221 	EXP 	line2: autoDraw = False
117.6221 	EXP 	line3: autoDraw = False
117.6221 	EXP 	line4: autoDraw = False
117.6221 	EXP 	probe: autoDraw = False
117.6221 	EXP 	fixation: autoDraw = True
118.6210 	EXP 	line1: autoDraw = True
118.6210 	EXP 	line2: autoDraw = True
118.6210 	EXP 	line3: autoDraw = True
118.6210 	EXP 	line4: autoDraw = True
118.6375 	EXP 	fixation: autoDraw = False
119.6207 	EXP 	probe: autoDraw = True
119.9559 	EXP 	New trial (rep=1, index=1): {'pos': 150, 'corr_resp': 'v'}
119.9571 	DATA 	Keypress: x
119.9706 	EXP 	fixation: autoDraw = False
119.9706 	EXP 	line1: autoDraw = False
119.9706 	EXP 	line2: autoDraw = False
119.9706 	EXP 	line3: autoDraw = False
119.9706 	EXP 	line4: autoDraw = False
119.9706 	EXP 	probe: autoDraw = False
119.9706 	EXP 	fixation: autoDraw = True
120.9702 	EXP 	fixation: autoDraw = False
120.9702 	EXP 	line1: autoDraw = True
120.9702 	EXP 	line2: autoDraw = True
120.9702 	EXP 	line3: autoDraw = True
120.9702 	EXP 	line4: autoDraw = True
121.9699 	EXP 	probe: autoDraw = True
122.2885 	EXP 	New trial (rep=1, index=2): {'pos': 50, 'corr_resp': 'c'}
122.2897 	DATA 	Keypress: v
122.3034 	EXP 	fixation: autoDraw = False
122.3034 	EXP 	line1: autoDraw = False
122.3034 	EXP 	line2: autoDraw = False
122.3034 	EXP 	line3: autoDraw = False
122.3034 	EXP 	line4: autoDraw = False
122.3034 	EXP 	probe: autoDraw = False
122.3034 	EXP 	fixation: autoDraw = True
123.3032 	EXP 	fixation: autoDraw = False
123.3032 	EXP 	line1: autoDraw = True
123.3032 	EXP 	line2: autoDraw = True
123.3032 	EXP 	line3: autoDraw = True
123.3032 	EXP 	line4: autoDraw = True
124.3028 	EXP 	probe: autoDraw = True
124.6038 	EXP 	New trial (rep=1, index=3): {'pos': -150, 'corr_resp': 'z'}
124.6049 	DATA 	Keypress: c
124.6196 	EXP 	fixation: autoDraw = False
124.6196 	EXP 	line1: autoDraw = False
124.6196 	EXP 	line2: autoDraw = False
124.6196 	EXP 	line3: autoDraw = False
124.6196 	EXP 	line4: autoDraw = False
124.6196 	EXP 	probe: autoDraw = False
124.6196 	EXP 	fixation: autoDraw = True
125.6192 	EXP 	fixation: autoDraw = False
125.6192 	EXP 	line1: autoDraw = True
125.6192 	EXP 	line2: autoDraw = True
125.6192 	EXP 	line3: autoDraw = True
125.6192 	EXP 	line4: autoDraw = True
126.6190 	EXP 	probe: autoDraw = True
126.8718 	EXP 	New trial (rep=2, index=0): {'pos': -50, 'corr_resp': 'x'}
126.8728 	DATA 	Keypress: z
126.8853 	EXP 	fixation: autoDraw = False
126.8853 	EXP 	line1: autoDraw = False
126.8853 	EXP 	line2: autoDraw = False
126.8853 	EXP 	line3: autoDraw = False
126.8853 	EXP 	line4: autoDraw = False
126.8853 	EXP 	probe: autoDraw = False
126.8853 	EXP 	fixation: autoDraw = True
127.8856 	EXP 	fixation: autoDraw = False
127.8856 	EXP 	line1: autoDraw = True
127.8856 	EXP 	line2: autoDraw = True
127.8856 	EXP 	line3: autoDraw = True
127.8856 	EXP 	line4: autoDraw = True
128.8856 	EXP 	probe: autoDraw = True
129.4202 	EXP 	New trial (rep=2, index=1): {'pos': 150, 'corr_resp': 'v'}
129.4219 	DATA 	Keypress: z
129.4350 	EXP 	fixation: autoDraw = False
129.4350 	EXP 	line1: autoDraw = False
129.4350 	EXP 	line2: autoDraw = False
129.4350 	EXP 	line3: autoDraw = False
129.4350 	EXP 	line4: autoDraw = False
129.4350 	EXP 	probe: autoDraw = False
129.4350 	EXP 	fixation: autoDraw = True
130.4347 	EXP 	fixation: autoDraw = False
130.4347 	EXP 	line1: autoDraw = True
130.4347 	EXP 	line2: autoDraw = True
130.4347 	EXP 	line3: autoDraw = True
130.4347 	EXP 	line4: autoDraw = True
131.4345 	EXP 	probe: autoDraw = True
132.1866 	EXP 	New trial (rep=2, index=2): {'pos': 50, 'corr_resp': 'c'}
132.1879 	DATA 	Keypress: v
132.2007 	EXP 	fixation: autoDraw = False
132.2007 	EXP 	line1: autoDraw = False
132.2007 	EXP 	line2: autoDraw = False
132.2007 	EXP 	line3: autoDraw = False
132.2007 	EXP 	line4: autoDraw = False
132.2007 	EXP 	probe: autoDraw = False
132.2007 	EXP 	fixation: autoDraw = True
133.2003 	EXP 	fixation: autoDraw = False
133.2003 	EXP 	line1: autoDraw = True
133.2003 	EXP 	line2: autoDraw = True
133.2003 	EXP 	line3: autoDraw = True
133.2003 	EXP 	line4: autoDraw = True
134.2003 	EXP 	probe: autoDraw = True
134.7180 	EXP 	New trial (rep=2, index=3): {'pos': -150, 'corr_resp': 'z'}
134.7192 	DATA 	Keypress: c
134.7334 	EXP 	fixation: autoDraw = False
134.7334 	EXP 	line1: autoDraw = False
134.7334 	EXP 	line2: autoDraw = False
134.7334 	EXP 	line3: autoDraw = False
134.7334 	EXP 	line4: autoDraw = False
134.7334 	EXP 	probe: autoDraw = False
134.7334 	EXP 	fixation: autoDraw = True
135.7333 	EXP 	fixation: autoDraw = False
135.7333 	EXP 	line1: autoDraw = True
135.7333 	EXP 	line2: autoDraw = True
135.7333 	EXP 	line3: autoDraw = True
135.7333 	EXP 	line4: autoDraw = True
136.7330 	EXP 	probe: autoDraw = True
137.0843 	EXP 	New trial (rep=3, index=0): {'pos': -50, 'corr_resp': 'x'}
137.0855 	DATA 	Keypress: z
137.0996 	EXP 	fixation: autoDraw = False
137.0996 	EXP 	line1: autoDraw = False
137.0996 	EXP 	line2: autoDraw = False
137.0996 	EXP 	line3: autoDraw = False
137.0996 	EXP 	line4: autoDraw = False
137.0996 	EXP 	probe: autoDraw = False
137.0996 	EXP 	fixation: autoDraw = True
138.0993 	EXP 	fixation: autoDraw = False
138.0993 	EXP 	line1: autoDraw = True
138.0993 	EXP 	line2: autoDraw = True
138.0993 	EXP 	line3: autoDraw = True
138.0993 	EXP 	line4: autoDraw = True
139.0991 	EXP 	probe: autoDraw = True
139.3676 	EXP 	New trial (rep=3, index=1): {'pos': 150, 'corr_resp': 'v'}
139.3689 	DATA 	Keypress: x
139.3823 	EXP 	fixation: autoDraw = False
139.3823 	EXP 	line1: autoDraw = False
139.3823 	EXP 	line2: autoDraw = False
139.3823 	EXP 	line3: autoDraw = False
139.3823 	EXP 	line4: autoDraw = False
139.3823 	EXP 	probe: autoDraw = False
139.3823 	EXP 	fixation: autoDraw = True
140.3818 	EXP 	fixation: autoDraw = False
140.3818 	EXP 	line1: autoDraw = True
140.3818 	EXP 	line2: autoDraw = True
140.3818 	EXP 	line3: autoDraw = True
140.3818 	EXP 	line4: autoDraw = True
141.3817 	EXP 	probe: autoDraw = True
141.7002 	EXP 	New trial (rep=3, index=2): {'pos': 50, 'corr_resp': 'c'}
141.7015 	DATA 	Keypress: v
141.7153 	EXP 	fixation: autoDraw = False
141.7153 	EXP 	line1: autoDraw = False
141.7153 	EXP 	line2: autoDraw = False
141.7153 	EXP 	line3: autoDraw = False
141.7153 	EXP 	line4: autoDraw = False
141.7153 	EXP 	probe: autoDraw = False
141.7153 	EXP 	fixation: autoDraw = True
142.7148 	EXP 	fixation: autoDraw = False
142.7148 	EXP 	line1: autoDraw = True
142.7148 	EXP 	line2: autoDraw = True
142.7148 	EXP 	line3: autoDraw = True
142.7148 	EXP 	line4: autoDraw = True
143.7150 	EXP 	probe: autoDraw = True
144.0162 	EXP 	New trial (rep=3, index=3): {'pos': -150, 'corr_resp': 'z'}
144.0183 	DATA 	Keypress: c
144.0312 	EXP 	fixation: autoDraw = False
144.0312 	EXP 	line1: autoDraw = False
144.0312 	EXP 	line2: autoDraw = False
144.0312 	EXP 	line3: autoDraw = False
144.0312 	EXP 	line4: autoDraw = False
144.0312 	EXP 	probe: autoDraw = False
144.0312 	EXP 	fixation: autoDraw = True
145.0314 	EXP 	fixation: autoDraw = False
145.0314 	EXP 	line1: autoDraw = True
145.0314 	EXP 	line2: autoDraw = True
145.0314 	EXP 	line3: autoDraw = True
145.0314 	EXP 	line4: autoDraw = True
146.0305 	EXP 	probe: autoDraw = True
146.2653 	EXP 	New trial (rep=4, index=0): {'pos': -50, 'corr_resp': 'x'}
146.2667 	DATA 	Keypress: z
146.2809 	EXP 	fixation: autoDraw = False
146.2809 	EXP 	line1: autoDraw = False
146.2809 	EXP 	line2: autoDraw = False
146.2809 	EXP 	line3: autoDraw = False
146.2809 	EXP 	line4: autoDraw = False
146.2809 	EXP 	probe: autoDraw = False
146.2809 	EXP 	fixation: autoDraw = True
147.2810 	EXP 	fixation: autoDraw = False
147.2810 	EXP 	line1: autoDraw = True
147.2810 	EXP 	line2: autoDraw = True
147.2810 	EXP 	line3: autoDraw = True
147.2810 	EXP 	line4: autoDraw = True
148.2803 	EXP 	probe: autoDraw = True
148.5653 	EXP 	New trial (rep=4, index=1): {'pos': 150, 'corr_resp': 'v'}
148.5669 	DATA 	Keypress: x
148.5801 	EXP 	fixation: autoDraw = False
148.5801 	EXP 	line1: autoDraw = False
148.5801 	EXP 	line2: autoDraw = False
148.5801 	EXP 	line3: autoDraw = False
148.5801 	EXP 	line4: autoDraw = False
148.5801 	EXP 	probe: autoDraw = False
148.5801 	EXP 	fixation: autoDraw = True
149.5799 	EXP 	fixation: autoDraw = False
149.5799 	EXP 	line1: autoDraw = True
149.5799 	EXP 	line2: autoDraw = True
149.5799 	EXP 	line3: autoDraw = True
149.5799 	EXP 	line4: autoDraw = True
150.5795 	EXP 	probe: autoDraw = True
150.9315 	EXP 	New trial (rep=4, index=2): {'pos': 50, 'corr_resp': 'c'}
150.9325 	DATA 	Keypress: v
150.9462 	EXP 	fixation: autoDraw = False
150.9462 	EXP 	line1: autoDraw = False
150.9462 	EXP 	line2: autoDraw = False
150.9462 	EXP 	line3: autoDraw = False
150.9462 	EXP 	line4: autoDraw = False
150.9462 	EXP 	probe: autoDraw = False
150.9462 	EXP 	fixation: autoDraw = True
151.9461 	EXP 	fixation: autoDraw = False
151.9461 	EXP 	line1: autoDraw = True
151.9461 	EXP 	line2: autoDraw = True
151.9461 	EXP 	line3: autoDraw = True
151.9461 	EXP 	line4: autoDraw = True
152.9459 	EXP 	probe: autoDraw = True
153.2307 	EXP 	New trial (rep=4, index=3): {'pos': -150, 'corr_resp': 'z'}
153.2320 	DATA 	Keypress: c
153.2455 	EXP 	fixation: autoDraw = False
153.2455 	EXP 	line1: autoDraw = False
153.2455 	EXP 	line2: autoDraw = False
153.2455 	EXP 	line3: autoDraw = False
153.2455 	EXP 	line4: autoDraw = False
153.2455 	EXP 	probe: autoDraw = False
153.2455 	EXP 	fixation: autoDraw = True
154.2453 	EXP 	fixation: autoDraw = False
154.2453 	EXP 	line1: autoDraw = True
154.2453 	EXP 	line2: autoDraw = True
154.2453 	EXP 	line3: autoDraw = True
154.2453 	EXP 	line4: autoDraw = True
155.2449 	EXP 	probe: autoDraw = True
155.3298 	EXP 	New trial (rep=5, index=0): {'pos': -50, 'corr_resp': 'x'}
155.3315 	DATA 	Keypress: z
155.3451 	EXP 	fixation: autoDraw = False
155.3451 	EXP 	line1: autoDraw = False
155.3451 	EXP 	line2: autoDraw = False
155.3451 	EXP 	line3: autoDraw = False
155.3451 	EXP 	line4: autoDraw = False
155.3451 	EXP 	probe: autoDraw = False
155.3451 	EXP 	fixation: autoDraw = True
156.3446 	EXP 	fixation: autoDraw = False
156.3446 	EXP 	line1: autoDraw = True
156.3446 	EXP 	line2: autoDraw = True
156.3446 	EXP 	line3: autoDraw = True
156.3446 	EXP 	line4: autoDraw = True
157.3445 	EXP 	probe: autoDraw = True
157.6637 	EXP 	New trial (rep=5, index=1): {'pos': 150, 'corr_resp': 'v'}
157.6660 	DATA 	Keypress: x
157.6781 	EXP 	fixation: autoDraw = False
157.6781 	EXP 	line1: autoDraw = False
157.6781 	EXP 	line2: autoDraw = False
157.6781 	EXP 	line3: autoDraw = False
157.6781 	EXP 	line4: autoDraw = False
157.6781 	EXP 	probe: autoDraw = False
157.6781 	EXP 	fixation: autoDraw = True
158.6774 	EXP 	fixation: autoDraw = False
158.6774 	EXP 	line1: autoDraw = True
158.6774 	EXP 	line2: autoDraw = True
158.6774 	EXP 	line3: autoDraw = True
158.6774 	EXP 	line4: autoDraw = True
159.6777 	EXP 	probe: autoDraw = True
159.9962 	EXP 	New trial (rep=5, index=2): {'pos': 50, 'corr_resp': 'c'}
159.9975 	DATA 	Keypress: v
160.0106 	EXP 	fixation: autoDraw = False
160.0106 	EXP 	line1: autoDraw = False
160.0106 	EXP 	line2: autoDraw = False
160.0106 	EXP 	line3: autoDraw = False
160.0106 	EXP 	line4: autoDraw = False
160.0106 	EXP 	probe: autoDraw = False
160.0106 	EXP 	fixation: autoDraw = True
161.0105 	EXP 	fixation: autoDraw = False
161.0105 	EXP 	line1: autoDraw = True
161.0105 	EXP 	line2: autoDraw = True
161.0105 	EXP 	line3: autoDraw = True
161.0105 	EXP 	line4: autoDraw = True
162.0106 	EXP 	probe: autoDraw = True
162.2945 	EXP 	New trial (rep=5, index=3): {'pos': -150, 'corr_resp': 'z'}
162.2955 	DATA 	Keypress: c
162.3099 	EXP 	fixation: autoDraw = False
162.3099 	EXP 	line1: autoDraw = False
162.3099 	EXP 	line2: autoDraw = False
162.3099 	EXP 	line3: autoDraw = False
162.3099 	EXP 	line4: autoDraw = False
162.3099 	EXP 	probe: autoDraw = False
162.3099 	EXP 	fixation: autoDraw = True
163.3097 	EXP 	fixation: autoDraw = False
163.3097 	EXP 	line1: autoDraw = True
163.3097 	EXP 	line2: autoDraw = True
163.3097 	EXP 	line3: autoDraw = True
163.3097 	EXP 	line4: autoDraw = True
164.3096 	EXP 	probe: autoDraw = True
164.4121 	DATA 	Keypress: z
164.4275 	EXP 	New trial (rep=6, index=0): {'pos': -50, 'corr_resp': 'x'}
164.4427 	EXP 	fixation: autoDraw = False
164.4427 	EXP 	line1: autoDraw = False
164.4427 	EXP 	line2: autoDraw = False
164.4427 	EXP 	line3: autoDraw = False
164.4427 	EXP 	line4: autoDraw = False
164.4427 	EXP 	probe: autoDraw = False
164.4427 	EXP 	fixation: autoDraw = True
165.4427 	EXP 	fixation: autoDraw = False
165.4427 	EXP 	line1: autoDraw = True
165.4427 	EXP 	line2: autoDraw = True
165.4427 	EXP 	line3: autoDraw = True
165.4427 	EXP 	line4: autoDraw = True
166.4419 	EXP 	probe: autoDraw = True
166.7431 	EXP 	New trial (rep=6, index=1): {'pos': 150, 'corr_resp': 'v'}
166.7440 	DATA 	Keypress: x
166.7586 	EXP 	fixation: autoDraw = False
166.7586 	EXP 	line1: autoDraw = False
166.7586 	EXP 	line2: autoDraw = False
166.7586 	EXP 	line3: autoDraw = False
166.7586 	EXP 	line4: autoDraw = False
166.7586 	EXP 	probe: autoDraw = False
166.7586 	EXP 	fixation: autoDraw = True
167.7584 	EXP 	fixation: autoDraw = False
167.7584 	EXP 	line1: autoDraw = True
167.7584 	EXP 	line2: autoDraw = True
167.7584 	EXP 	line3: autoDraw = True
167.7584 	EXP 	line4: autoDraw = True
168.7583 	EXP 	probe: autoDraw = True
169.0619 	DATA 	Keypress: v
169.0783 	EXP 	New trial (rep=6, index=2): {'pos': 50, 'corr_resp': 'c'}
169.0919 	EXP 	fixation: autoDraw = False
169.0919 	EXP 	line1: autoDraw = False
169.0919 	EXP 	line2: autoDraw = False
169.0919 	EXP 	line3: autoDraw = False
169.0919 	EXP 	line4: autoDraw = False
169.0919 	EXP 	probe: autoDraw = False
169.0919 	EXP 	fixation: autoDraw = True
170.0912 	EXP 	fixation: autoDraw = False
170.0912 	EXP 	line1: autoDraw = True
170.0912 	EXP 	line2: autoDraw = True
170.0912 	EXP 	line3: autoDraw = True
170.0912 	EXP 	line4: autoDraw = True
171.0914 	EXP 	probe: autoDraw = True
171.6088 	EXP 	New trial (rep=6, index=3): {'pos': -150, 'corr_resp': 'z'}
171.6103 	DATA 	Keypress: c
171.6245 	EXP 	fixation: autoDraw = False
171.6245 	EXP 	line1: autoDraw = False
171.6245 	EXP 	line2: autoDraw = False
171.6245 	EXP 	line3: autoDraw = False
171.6245 	EXP 	line4: autoDraw = False
171.6245 	EXP 	probe: autoDraw = False
171.6245 	EXP 	fixation: autoDraw = True
172.6238 	EXP 	fixation: autoDraw = False
172.6238 	EXP 	line1: autoDraw = True
172.6238 	EXP 	line2: autoDraw = True
172.6238 	EXP 	line3: autoDraw = True
172.6238 	EXP 	line4: autoDraw = True
173.6240 	EXP 	probe: autoDraw = True
173.9422 	EXP 	New trial (rep=7, index=0): {'pos': -50, 'corr_resp': 'x'}
173.9434 	DATA 	Keypress: z
173.9571 	EXP 	fixation: autoDraw = False
173.9571 	EXP 	line1: autoDraw = False
173.9571 	EXP 	line2: autoDraw = False
173.9571 	EXP 	line3: autoDraw = False
173.9571 	EXP 	line4: autoDraw = False
173.9571 	EXP 	probe: autoDraw = False
173.9571 	EXP 	fixation: autoDraw = True
174.9565 	EXP 	fixation: autoDraw = False
174.9565 	EXP 	line1: autoDraw = True
174.9565 	EXP 	line2: autoDraw = True
174.9565 	EXP 	line3: autoDraw = True
174.9565 	EXP 	line4: autoDraw = True
175.9568 	EXP 	probe: autoDraw = True
176.2246 	EXP 	New trial (rep=7, index=1): {'pos': 150, 'corr_resp': 'v'}
176.2259 	DATA 	Keypress: x
176.2400 	EXP 	fixation: autoDraw = False
176.2400 	EXP 	line1: autoDraw = False
176.2400 	EXP 	line2: autoDraw = False
176.2400 	EXP 	line3: autoDraw = False
176.2400 	EXP 	line4: autoDraw = False
176.2400 	EXP 	probe: autoDraw = False
176.2400 	EXP 	fixation: autoDraw = True
177.2393 	EXP 	fixation: autoDraw = False
177.2393 	EXP 	line1: autoDraw = True
177.2393 	EXP 	line2: autoDraw = True
177.2393 	EXP 	line3: autoDraw = True
177.2393 	EXP 	line4: autoDraw = True
178.2392 	EXP 	probe: autoDraw = True
178.5582 	EXP 	New trial (rep=7, index=2): {'pos': 50, 'corr_resp': 'c'}
178.5599 	DATA 	Keypress: v
178.5722 	EXP 	fixation: autoDraw = False
178.5722 	EXP 	line1: autoDraw = False
178.5722 	EXP 	line2: autoDraw = False
178.5722 	EXP 	line3: autoDraw = False
178.5722 	EXP 	line4: autoDraw = False
178.5722 	EXP 	probe: autoDraw = False
178.5722 	EXP 	fixation: autoDraw = True
179.5720 	EXP 	fixation: autoDraw = False
179.5720 	EXP 	line1: autoDraw = True
179.5720 	EXP 	line2: autoDraw = True
179.5720 	EXP 	line3: autoDraw = True
179.5720 	EXP 	line4: autoDraw = True
180.5721 	EXP 	probe: autoDraw = True
180.9402 	EXP 	New trial (rep=7, index=3): {'pos': -150, 'corr_resp': 'z'}
180.9418 	DATA 	Keypress: c
180.9556 	EXP 	fixation: autoDraw = False
180.9556 	EXP 	line1: autoDraw = False
180.9556 	EXP 	line2: autoDraw = False
180.9556 	EXP 	line3: autoDraw = False
180.9556 	EXP 	line4: autoDraw = False
180.9556 	EXP 	probe: autoDraw = False
180.9556 	EXP 	fixation: autoDraw = True
181.9550 	EXP 	fixation: autoDraw = False
181.9550 	EXP 	line1: autoDraw = True
181.9550 	EXP 	line2: autoDraw = True
181.9550 	EXP 	line3: autoDraw = True
181.9550 	EXP 	line4: autoDraw = True
182.9546 	EXP 	probe: autoDraw = True
183.3413 	DATA 	Keypress: z
183.3566 	EXP 	New trial (rep=8, index=0): {'pos': -50, 'corr_resp': 'x'}
183.3711 	EXP 	fixation: autoDraw = False
183.3711 	EXP 	line1: autoDraw = False
183.3711 	EXP 	line2: autoDraw = False
183.3711 	EXP 	line3: autoDraw = False
183.3711 	EXP 	line4: autoDraw = False
183.3711 	EXP 	probe: autoDraw = False
183.3711 	EXP 	fixation: autoDraw = True
184.3711 	EXP 	fixation: autoDraw = False
184.3711 	EXP 	line1: autoDraw = True
184.3711 	EXP 	line2: autoDraw = True
184.3711 	EXP 	line3: autoDraw = True
184.3711 	EXP 	line4: autoDraw = True
185.3707 	EXP 	probe: autoDraw = True
185.7223 	EXP 	New trial (rep=8, index=1): {'pos': 150, 'corr_resp': 'v'}
185.7235 	DATA 	Keypress: x
185.7373 	EXP 	fixation: autoDraw = False
185.7373 	EXP 	line1: autoDraw = False
185.7373 	EXP 	line2: autoDraw = False
185.7373 	EXP 	line3: autoDraw = False
185.7373 	EXP 	line4: autoDraw = False
185.7373 	EXP 	probe: autoDraw = False
185.7373 	EXP 	fixation: autoDraw = True
186.7372 	EXP 	fixation: autoDraw = False
186.7372 	EXP 	line1: autoDraw = True
186.7372 	EXP 	line2: autoDraw = True
186.7372 	EXP 	line3: autoDraw = True
186.7372 	EXP 	line4: autoDraw = True
187.7367 	EXP 	probe: autoDraw = True
188.2051 	EXP 	New trial (rep=8, index=2): {'pos': 50, 'corr_resp': 'c'}
188.2065 	DATA 	Keypress: v
188.2198 	EXP 	fixation: autoDraw = False
188.2198 	EXP 	line1: autoDraw = False
188.2198 	EXP 	line2: autoDraw = False
188.2198 	EXP 	line3: autoDraw = False
188.2198 	EXP 	line4: autoDraw = False
188.2198 	EXP 	probe: autoDraw = False
188.2198 	EXP 	fixation: autoDraw = True
189.2198 	EXP 	fixation: autoDraw = False
189.2198 	EXP 	line1: autoDraw = True
189.2198 	EXP 	line2: autoDraw = True
189.2198 	EXP 	line3: autoDraw = True
189.2198 	EXP 	line4: autoDraw = True
190.2195 	EXP 	probe: autoDraw = True
190.6540 	EXP 	New trial (rep=8, index=3): {'pos': -150, 'corr_resp': 'z'}
190.6550 	DATA 	Keypress: c
190.6692 	EXP 	fixation: autoDraw = False
190.6692 	EXP 	line1: autoDraw = False
190.6692 	EXP 	line2: autoDraw = False
190.6692 	EXP 	line3: autoDraw = False
190.6692 	EXP 	line4: autoDraw = False
190.6692 	EXP 	probe: autoDraw = False
190.6692 	EXP 	fixation: autoDraw = True
191.6691 	EXP 	fixation: autoDraw = False
191.6691 	EXP 	line1: autoDraw = True
191.6691 	EXP 	line2: autoDraw = True
191.6691 	EXP 	line3: autoDraw = True
191.6691 	EXP 	line4: autoDraw = True
192.6698 	EXP 	probe: autoDraw = True
193.0214 	EXP 	New trial (rep=9, index=0): {'pos': -50, 'corr_resp': 'x'}
193.0229 	DATA 	Keypress: z
193.0356 	EXP 	fixation: autoDraw = False
193.0356 	EXP 	line1: autoDraw = False
193.0356 	EXP 	line2: autoDraw = False
193.0356 	EXP 	line3: autoDraw = False
193.0356 	EXP 	line4: autoDraw = False
193.0356 	EXP 	probe: autoDraw = False
193.0356 	EXP 	fixation: autoDraw = True
194.0352 	EXP 	fixation: autoDraw = False
194.0352 	EXP 	line1: autoDraw = True
194.0352 	EXP 	line2: autoDraw = True
194.0352 	EXP 	line3: autoDraw = True
194.0352 	EXP 	line4: autoDraw = True
195.0351 	EXP 	probe: autoDraw = True
195.4028 	EXP 	New trial (rep=9, index=1): {'pos': 150, 'corr_resp': 'v'}
195.4040 	DATA 	Keypress: x
195.4180 	EXP 	fixation: autoDraw = False
195.4180 	EXP 	line1: autoDraw = False
195.4180 	EXP 	line2: autoDraw = False
195.4180 	EXP 	line3: autoDraw = False
195.4180 	EXP 	line4: autoDraw = False
195.4180 	EXP 	probe: autoDraw = False
195.4180 	EXP 	fixation: autoDraw = True
196.4183 	EXP 	fixation: autoDraw = False
196.4183 	EXP 	line1: autoDraw = True
196.4183 	EXP 	line2: autoDraw = True
196.4183 	EXP 	line3: autoDraw = True
196.4183 	EXP 	line4: autoDraw = True
197.4177 	EXP 	probe: autoDraw = True
197.9188 	EXP 	New trial (rep=9, index=2): {'pos': 50, 'corr_resp': 'c'}
197.9199 	DATA 	Keypress: v
197.9344 	EXP 	fixation: autoDraw = False
197.9344 	EXP 	line1: autoDraw = False
197.9344 	EXP 	line2: autoDraw = False
197.9344 	EXP 	line3: autoDraw = False
197.9344 	EXP 	line4: autoDraw = False
197.9344 	EXP 	probe: autoDraw = False
197.9344 	EXP 	fixation: autoDraw = True
198.9340 	EXP 	fixation: autoDraw = False
198.9340 	EXP 	line1: autoDraw = True
198.9340 	EXP 	line2: autoDraw = True
198.9340 	EXP 	line3: autoDraw = True
198.9340 	EXP 	line4: autoDraw = True
199.9339 	EXP 	probe: autoDraw = True
200.3350 	EXP 	New trial (rep=9, index=3): {'pos': -150, 'corr_resp': 'z'}
200.3364 	DATA 	Keypress: c
200.3503 	EXP 	fixation: autoDraw = False
200.3503 	EXP 	line1: autoDraw = False
200.3503 	EXP 	line2: autoDraw = False
200.3503 	EXP 	line3: autoDraw = False
200.3503 	EXP 	line4: autoDraw = False
200.3503 	EXP 	probe: autoDraw = False
200.3503 	EXP 	fixation: autoDraw = True
201.3501 	EXP 	fixation: autoDraw = False
201.3501 	EXP 	line1: autoDraw = True
201.3501 	EXP 	line2: autoDraw = True
201.3501 	EXP 	line3: autoDraw = True
201.3501 	EXP 	line4: autoDraw = True
202.3498 	EXP 	probe: autoDraw = True
203.0015 	EXP 	New trial (rep=10, index=0): {'pos': -50, 'corr_resp': 'x'}
203.0025 	DATA 	Keypress: z
203.0163 	EXP 	fixation: autoDraw = False
203.0163 	EXP 	line1: autoDraw = False
203.0163 	EXP 	line2: autoDraw = False
203.0163 	EXP 	line3: autoDraw = False
203.0163 	EXP 	line4: autoDraw = False
203.0163 	EXP 	probe: autoDraw = False
203.0163 	EXP 	fixation: autoDraw = True
204.0160 	EXP 	fixation: autoDraw = False
204.0160 	EXP 	line1: autoDraw = True
204.0160 	EXP 	line2: autoDraw = True
204.0160 	EXP 	line3: autoDraw = True
204.0160 	EXP 	line4: autoDraw = True
205.0159 	EXP 	probe: autoDraw = True
205.3180 	EXP 	New trial (rep=10, index=1): {'pos': 150, 'corr_resp': 'v'}
205.3194 	DATA 	Keypress: x
205.3323 	EXP 	fixation: autoDraw = False
205.3323 	EXP 	line1: autoDraw = False
205.3323 	EXP 	line2: autoDraw = False
205.3323 	EXP 	line3: autoDraw = False
205.3323 	EXP 	line4: autoDraw = False
205.3323 	EXP 	probe: autoDraw = False
205.3323 	EXP 	fixation: autoDraw = True
206.3320 	EXP 	fixation: autoDraw = False
206.3320 	EXP 	line1: autoDraw = True
206.3320 	EXP 	line2: autoDraw = True
206.3320 	EXP 	line3: autoDraw = True
206.3320 	EXP 	line4: autoDraw = True
207.3318 	EXP 	probe: autoDraw = True
207.6331 	EXP 	New trial (rep=10, index=2): {'pos': 50, 'corr_resp': 'c'}
207.6341 	DATA 	Keypress: v
207.6483 	EXP 	fixation: autoDraw = False
207.6483 	EXP 	line1: autoDraw = False
207.6483 	EXP 	line2: autoDraw = False
207.6483 	EXP 	line3: autoDraw = False
207.6483 	EXP 	line4: autoDraw = False
207.6483 	EXP 	probe: autoDraw = False
207.6483 	EXP 	fixation: autoDraw = True
208.6481 	EXP 	fixation: autoDraw = False
208.6481 	EXP 	line1: autoDraw = True
208.6481 	EXP 	line2: autoDraw = True
208.6481 	EXP 	line3: autoDraw = True
208.6481 	EXP 	line4: autoDraw = True
209.6478 	EXP 	probe: autoDraw = True
209.9491 	EXP 	New trial (rep=10, index=3): {'pos': -150, 'corr_resp': 'z'}
209.9503 	DATA 	Keypress: c
209.9645 	EXP 	fixation: autoDraw = False
209.9645 	EXP 	line1: autoDraw = False
209.9645 	EXP 	line2: autoDraw = False
209.9645 	EXP 	line3: autoDraw = False
209.9645 	EXP 	line4: autoDraw = False
209.9645 	EXP 	probe: autoDraw = False
209.9645 	EXP 	fixation: autoDraw = True
210.9644 	EXP 	fixation: autoDraw = False
210.9644 	EXP 	line1: autoDraw = True
210.9644 	EXP 	line2: autoDraw = True
210.9644 	EXP 	line3: autoDraw = True
210.9644 	EXP 	line4: autoDraw = True
211.9639 	EXP 	probe: autoDraw = True
212.2823 	EXP 	New trial (rep=11, index=0): {'pos': -50, 'corr_resp': 'x'}
212.2833 	DATA 	Keypress: z
212.2975 	EXP 	fixation: autoDraw = False
212.2975 	EXP 	line1: autoDraw = False
212.2975 	EXP 	line2: autoDraw = False
212.2975 	EXP 	line3: autoDraw = False
212.2975 	EXP 	line4: autoDraw = False
212.2975 	EXP 	probe: autoDraw = False
212.2975 	EXP 	fixation: autoDraw = True
213.2968 	EXP 	fixation: autoDraw = False
213.2968 	EXP 	line1: autoDraw = True
213.2968 	EXP 	line2: autoDraw = True
213.2968 	EXP 	line3: autoDraw = True
213.2968 	EXP 	line4: autoDraw = True
214.1822 	DATA 	Keypress: x
214.2969 	EXP 	probe: autoDraw = True
214.8825 	EXP 	New trial (rep=11, index=1): {'pos': 150, 'corr_resp': 'v'}
214.8839 	DATA 	Keypress: x
214.8967 	EXP 	fixation: autoDraw = False
214.8967 	EXP 	line1: autoDraw = False
214.8967 	EXP 	line2: autoDraw = False
214.8967 	EXP 	line3: autoDraw = False
214.8967 	EXP 	line4: autoDraw = False
214.8967 	EXP 	probe: autoDraw = False
214.8967 	EXP 	fixation: autoDraw = True
215.8968 	EXP 	fixation: autoDraw = False
215.8968 	EXP 	line1: autoDraw = True
215.8968 	EXP 	line2: autoDraw = True
215.8968 	EXP 	line3: autoDraw = True
215.8968 	EXP 	line4: autoDraw = True
216.8964 	EXP 	probe: autoDraw = True
217.2984 	DATA 	Keypress: v
217.3137 	EXP 	New trial (rep=11, index=2): {'pos': 50, 'corr_resp': 'c'}
217.3297 	EXP 	fixation: autoDraw = False
217.3297 	EXP 	line1: autoDraw = False
217.3297 	EXP 	line2: autoDraw = False
217.3297 	EXP 	line3: autoDraw = False
217.3297 	EXP 	line4: autoDraw = False
217.3297 	EXP 	probe: autoDraw = False
217.3297 	EXP 	fixation: autoDraw = True
218.3124 	EXP 	line1: autoDraw = True
218.3124 	EXP 	line2: autoDraw = True
218.3124 	EXP 	line3: autoDraw = True
218.3124 	EXP 	line4: autoDraw = True
218.3291 	EXP 	fixation: autoDraw = False
219.3289 	EXP 	probe: autoDraw = True
219.7473 	EXP 	New trial (rep=11, index=3): {'pos': -150, 'corr_resp': 'z'}
219.7488 	DATA 	Keypress: c
219.7620 	EXP 	fixation: autoDraw = False
219.7620 	EXP 	line1: autoDraw = False
219.7620 	EXP 	line2: autoDraw = False
219.7620 	EXP 	line3: autoDraw = False
219.7620 	EXP 	line4: autoDraw = False
219.7620 	EXP 	probe: autoDraw = False
219.7620 	EXP 	fixation: autoDraw = True
220.7617 	EXP 	fixation: autoDraw = False
220.7617 	EXP 	line1: autoDraw = True
220.7617 	EXP 	line2: autoDraw = True
220.7617 	EXP 	line3: autoDraw = True
220.7617 	EXP 	line4: autoDraw = True
221.7616 	EXP 	probe: autoDraw = True
222.0033 	EXP 	Imported C:/Users/admin/Documents/psychopy/sequence_learning.xlsx as conditions, 4 conditions, 2 params
222.0622 	EXP 	Created sequence: fullRandom, trialTypes=4, nReps=12, seed=None
222.0629 	EXP 	New trial (rep=0, index=0): {'pos': 50, 'corr_resp': 'c'}
222.0646 	DATA 	Keypress: z
222.0663 	EXP 	fixation: autoDraw = False
222.0663 	EXP 	line1: autoDraw = False
222.0663 	EXP 	line2: autoDraw = False
222.0663 	EXP 	line3: autoDraw = False
222.0663 	EXP 	line4: autoDraw = False
222.0663 	EXP 	probe: autoDraw = False
222.0663 	EXP 	fixation: autoDraw = True
223.0112 	EXP 	line1: autoDraw = True
223.0112 	EXP 	line2: autoDraw = True
223.0112 	EXP 	line3: autoDraw = True
223.0112 	EXP 	line4: autoDraw = True
223.0781 	EXP 	fixation: autoDraw = False
224.0109 	EXP 	probe: autoDraw = True
224.7957 	EXP 	New trial (rep=0, index=1): {'pos': -150, 'corr_resp': 'z'}
224.7970 	DATA 	Keypress: c
224.8109 	EXP 	fixation: autoDraw = False
224.8109 	EXP 	line1: autoDraw = False
224.8109 	EXP 	line2: autoDraw = False
224.8109 	EXP 	line3: autoDraw = False
224.8109 	EXP 	line4: autoDraw = False
224.8109 	EXP 	probe: autoDraw = False
224.8109 	EXP 	fixation: autoDraw = True
225.8106 	EXP 	fixation: autoDraw = False
225.8106 	EXP 	line1: autoDraw = True
225.8106 	EXP 	line2: autoDraw = True
225.8106 	EXP 	line3: autoDraw = True
225.8106 	EXP 	line4: autoDraw = True
226.8102 	EXP 	probe: autoDraw = True
227.3782 	EXP 	New trial (rep=0, index=2): {'pos': -150, 'corr_resp': 'z'}
227.3792 	DATA 	Keypress: z
227.3936 	EXP 	fixation: autoDraw = False
227.3936 	EXP 	line1: autoDraw = False
227.3936 	EXP 	line2: autoDraw = False
227.3936 	EXP 	line3: autoDraw = False
227.3936 	EXP 	line4: autoDraw = False
227.3936 	EXP 	probe: autoDraw = False
227.3936 	EXP 	fixation: autoDraw = True
228.3934 	EXP 	fixation: autoDraw = False
228.3934 	EXP 	line1: autoDraw = True
228.3934 	EXP 	line2: autoDraw = True
228.3934 	EXP 	line3: autoDraw = True
228.3934 	EXP 	line4: autoDraw = True
229.3927 	EXP 	probe: autoDraw = True
229.9614 	EXP 	New trial (rep=0, index=3): {'pos': 150, 'corr_resp': 'v'}
229.9627 	DATA 	Keypress: z
229.9763 	EXP 	fixation: autoDraw = False
229.9763 	EXP 	line1: autoDraw = False
229.9763 	EXP 	line2: autoDraw = False
229.9763 	EXP 	line3: autoDraw = False
229.9763 	EXP 	line4: autoDraw = False
229.9763 	EXP 	probe: autoDraw = False
229.9763 	EXP 	fixation: autoDraw = True
230.9760 	EXP 	fixation: autoDraw = False
230.9760 	EXP 	line1: autoDraw = True
230.9760 	EXP 	line2: autoDraw = True
230.9760 	EXP 	line3: autoDraw = True
230.9760 	EXP 	line4: autoDraw = True
231.9759 	EXP 	probe: autoDraw = True
232.5275 	EXP 	New trial (rep=1, index=0): {'pos': 150, 'corr_resp': 'v'}
232.5287 	DATA 	Keypress: v
232.5420 	EXP 	fixation: autoDraw = False
232.5420 	EXP 	line1: autoDraw = False
232.5420 	EXP 	line2: autoDraw = False
232.5420 	EXP 	line3: autoDraw = False
232.5420 	EXP 	line4: autoDraw = False
232.5420 	EXP 	probe: autoDraw = False
232.5420 	EXP 	fixation: autoDraw = True
233.5417 	EXP 	fixation: autoDraw = False
233.5417 	EXP 	line1: autoDraw = True
233.5417 	EXP 	line2: autoDraw = True
233.5417 	EXP 	line3: autoDraw = True
233.5417 	EXP 	line4: autoDraw = True
234.5415 	EXP 	probe: autoDraw = True
235.0932 	EXP 	New trial (rep=1, index=1): {'pos': -50, 'corr_resp': 'x'}
235.0943 	DATA 	Keypress: v
235.1082 	EXP 	fixation: autoDraw = False
235.1082 	EXP 	line1: autoDraw = False
235.1082 	EXP 	line2: autoDraw = False
235.1082 	EXP 	line3: autoDraw = False
235.1082 	EXP 	line4: autoDraw = False
235.1082 	EXP 	probe: autoDraw = False
235.1082 	EXP 	fixation: autoDraw = True
236.1080 	EXP 	fixation: autoDraw = False
236.1080 	EXP 	line1: autoDraw = True
236.1080 	EXP 	line2: autoDraw = True
236.1080 	EXP 	line3: autoDraw = True
236.1080 	EXP 	line4: autoDraw = True
237.1075 	EXP 	probe: autoDraw = True
238.0255 	EXP 	New trial (rep=1, index=2): {'pos': 50, 'corr_resp': 'c'}
238.0266 	DATA 	Keypress: x
238.0407 	EXP 	fixation: autoDraw = False
238.0407 	EXP 	line1: autoDraw = False
238.0407 	EXP 	line2: autoDraw = False
238.0407 	EXP 	line3: autoDraw = False
238.0407 	EXP 	line4: autoDraw = False
238.0407 	EXP 	probe: autoDraw = False
238.0407 	EXP 	fixation: autoDraw = True
239.0407 	EXP 	fixation: autoDraw = False
239.0407 	EXP 	line1: autoDraw = True
239.0407 	EXP 	line2: autoDraw = True
239.0407 	EXP 	line3: autoDraw = True
239.0407 	EXP 	line4: autoDraw = True
240.0404 	EXP 	probe: autoDraw = True
240.5924 	EXP 	New trial (rep=1, index=3): {'pos': -50, 'corr_resp': 'x'}
240.5934 	DATA 	Keypress: c
240.6069 	EXP 	fixation: autoDraw = False
240.6069 	EXP 	line1: autoDraw = False
240.6069 	EXP 	line2: autoDraw = False
240.6069 	EXP 	line3: autoDraw = False
240.6069 	EXP 	line4: autoDraw = False
240.6069 	EXP 	probe: autoDraw = False
240.6069 	EXP 	fixation: autoDraw = True
241.6066 	EXP 	fixation: autoDraw = False
241.6066 	EXP 	line1: autoDraw = True
241.6066 	EXP 	line2: autoDraw = True
241.6066 	EXP 	line3: autoDraw = True
241.6066 	EXP 	line4: autoDraw = True
242.6062 	EXP 	probe: autoDraw = True
243.1077 	EXP 	New trial (rep=2, index=0): {'pos': 50, 'corr_resp': 'c'}
243.1089 	DATA 	Keypress: x
243.1227 	EXP 	fixation: autoDraw = False
243.1227 	EXP 	line1: autoDraw = False
243.1227 	EXP 	line2: autoDraw = False
243.1227 	EXP 	line3: autoDraw = False
243.1227 	EXP 	line4: autoDraw = False
243.1227 	EXP 	probe: autoDraw = False
243.1227 	EXP 	fixation: autoDraw = True
244.1223 	EXP 	fixation: autoDraw = False
244.1223 	EXP 	line1: autoDraw = True
244.1223 	EXP 	line2: autoDraw = True
244.1223 	EXP 	line3: autoDraw = True
244.1223 	EXP 	line4: autoDraw = True
245.1221 	EXP 	probe: autoDraw = True
246.0403 	EXP 	New trial (rep=2, index=1): {'pos': -150, 'corr_resp': 'z'}
246.0420 	DATA 	Keypress: c
246.0556 	EXP 	fixation: autoDraw = False
246.0556 	EXP 	line1: autoDraw = False
246.0556 	EXP 	line2: autoDraw = False
246.0556 	EXP 	line3: autoDraw = False
246.0556 	EXP 	line4: autoDraw = False
246.0556 	EXP 	probe: autoDraw = False
246.0556 	EXP 	fixation: autoDraw = True
247.0553 	EXP 	fixation: autoDraw = False
247.0553 	EXP 	line1: autoDraw = True
247.0553 	EXP 	line2: autoDraw = True
247.0553 	EXP 	line3: autoDraw = True
247.0553 	EXP 	line4: autoDraw = True
248.0550 	EXP 	probe: autoDraw = True
248.7733 	EXP 	New trial (rep=2, index=2): {'pos': -50, 'corr_resp': 'x'}
248.7747 	DATA 	Keypress: z
248.7882 	EXP 	fixation: autoDraw = False
248.7882 	EXP 	line1: autoDraw = False
248.7882 	EXP 	line2: autoDraw = False
248.7882 	EXP 	line3: autoDraw = False
248.7882 	EXP 	line4: autoDraw = False
248.7882 	EXP 	probe: autoDraw = False
248.7882 	EXP 	fixation: autoDraw = True
249.7877 	EXP 	fixation: autoDraw = False
249.7877 	EXP 	line1: autoDraw = True
249.7877 	EXP 	line2: autoDraw = True
249.7877 	EXP 	line3: autoDraw = True
249.7877 	EXP 	line4: autoDraw = True
250.7877 	EXP 	probe: autoDraw = True
251.5062 	EXP 	New trial (rep=2, index=3): {'pos': -150, 'corr_resp': 'z'}
251.5081 	DATA 	Keypress: x
251.5215 	EXP 	fixation: autoDraw = False
251.5215 	EXP 	line1: autoDraw = False
251.5215 	EXP 	line2: autoDraw = False
251.5215 	EXP 	line3: autoDraw = False
251.5215 	EXP 	line4: autoDraw = False
251.5215 	EXP 	probe: autoDraw = False
251.5215 	EXP 	fixation: autoDraw = True
252.5207 	EXP 	fixation: autoDraw = False
252.5207 	EXP 	line1: autoDraw = True
252.5207 	EXP 	line2: autoDraw = True
252.5207 	EXP 	line3: autoDraw = True
252.5207 	EXP 	line4: autoDraw = True
253.5204 	EXP 	probe: autoDraw = True
254.0886 	EXP 	New trial (rep=3, index=0): {'pos': 50, 'corr_resp': 'c'}
254.0900 	DATA 	Keypress: z
254.1035 	EXP 	fixation: autoDraw = False
254.1035 	EXP 	line1: autoDraw = False
254.1035 	EXP 	line2: autoDraw = False
254.1035 	EXP 	line3: autoDraw = False
254.1035 	EXP 	line4: autoDraw = False
254.1035 	EXP 	probe: autoDraw = False
254.1035 	EXP 	fixation: autoDraw = True
255.1028 	EXP 	fixation: autoDraw = False
255.1028 	EXP 	line1: autoDraw = True
255.1028 	EXP 	line2: autoDraw = True
255.1028 	EXP 	line3: autoDraw = True
255.1028 	EXP 	line4: autoDraw = True
256.1028 	EXP 	probe: autoDraw = True
256.8381 	EXP 	New trial (rep=3, index=1): {'pos': 50, 'corr_resp': 'c'}
256.8395 	DATA 	Keypress: c
256.8525 	EXP 	fixation: autoDraw = False
256.8525 	EXP 	line1: autoDraw = False
256.8525 	EXP 	line2: autoDraw = False
256.8525 	EXP 	line3: autoDraw = False
256.8525 	EXP 	line4: autoDraw = False
256.8525 	EXP 	probe: autoDraw = False
256.8525 	EXP 	fixation: autoDraw = True
257.8523 	EXP 	fixation: autoDraw = False
257.8523 	EXP 	line1: autoDraw = True
257.8523 	EXP 	line2: autoDraw = True
257.8523 	EXP 	line3: autoDraw = True
257.8523 	EXP 	line4: autoDraw = True
258.8520 	EXP 	probe: autoDraw = True
259.6368 	EXP 	New trial (rep=3, index=2): {'pos': 150, 'corr_resp': 'v'}
259.6379 	DATA 	Keypress: c
259.6520 	EXP 	fixation: autoDraw = False
259.6520 	EXP 	line1: autoDraw = False
259.6520 	EXP 	line2: autoDraw = False
259.6520 	EXP 	line3: autoDraw = False
259.6520 	EXP 	line4: autoDraw = False
259.6520 	EXP 	probe: autoDraw = False
259.6520 	EXP 	fixation: autoDraw = True
260.6349 	EXP 	line1: autoDraw = True
260.6349 	EXP 	line2: autoDraw = True
260.6349 	EXP 	line3: autoDraw = True
260.6349 	EXP 	line4: autoDraw = True
260.6519 	EXP 	fixation: autoDraw = False
261.6520 	EXP 	probe: autoDraw = True
262.2198 	EXP 	New trial (rep=3, index=3): {'pos': 150, 'corr_resp': 'v'}
262.2218 	DATA 	Keypress: v
262.2348 	EXP 	fixation: autoDraw = False
262.2348 	EXP 	line1: autoDraw = False
262.2348 	EXP 	line2: autoDraw = False
262.2348 	EXP 	line3: autoDraw = False
262.2348 	EXP 	line4: autoDraw = False
262.2348 	EXP 	probe: autoDraw = False
262.2348 	EXP 	fixation: autoDraw = True
263.2346 	EXP 	fixation: autoDraw = False
263.2346 	EXP 	line1: autoDraw = True
263.2346 	EXP 	line2: autoDraw = True
263.2346 	EXP 	line3: autoDraw = True
263.2346 	EXP 	line4: autoDraw = True
264.2342 	EXP 	probe: autoDraw = True
265.0189 	EXP 	New trial (rep=4, index=0): {'pos': -50, 'corr_resp': 'x'}
265.0201 	DATA 	Keypress: v
265.0342 	EXP 	fixation: autoDraw = False
265.0342 	EXP 	line1: autoDraw = False
265.0342 	EXP 	line2: autoDraw = False
265.0342 	EXP 	line3: autoDraw = False
265.0342 	EXP 	line4: autoDraw = False
265.0342 	EXP 	probe: autoDraw = False
265.0342 	EXP 	fixation: autoDraw = True
266.0337 	EXP 	fixation: autoDraw = False
266.0337 	EXP 	line1: autoDraw = True
266.0337 	EXP 	line2: autoDraw = True
266.0337 	EXP 	line3: autoDraw = True
266.0337 	EXP 	line4: autoDraw = True
267.0336 	EXP 	probe: autoDraw = True
268.3514 	EXP 	New trial (rep=4, index=1): {'pos': 150, 'corr_resp': 'v'}
268.3527 	DATA 	Keypress: x
268.3674 	EXP 	fixation: autoDraw = False
268.3674 	EXP 	line1: autoDraw = False
268.3674 	EXP 	line2: autoDraw = False
268.3674 	EXP 	line3: autoDraw = False
268.3674 	EXP 	line4: autoDraw = False
268.3674 	EXP 	probe: autoDraw = False
268.3674 	EXP 	fixation: autoDraw = True
269.3661 	EXP 	line1: autoDraw = True
269.3661 	EXP 	line2: autoDraw = True
269.3661 	EXP 	line3: autoDraw = True
269.3661 	EXP 	line4: autoDraw = True
269.3825 	EXP 	fixation: autoDraw = False
270.3661 	EXP 	probe: autoDraw = True
270.8843 	EXP 	New trial (rep=4, index=2): {'pos': 50, 'corr_resp': 'c'}
270.8857 	DATA 	Keypress: v
270.8997 	EXP 	fixation: autoDraw = False
270.8997 	EXP 	line1: autoDraw = False
270.8997 	EXP 	line2: autoDraw = False
270.8997 	EXP 	line3: autoDraw = False
270.8997 	EXP 	line4: autoDraw = False
270.8997 	EXP 	probe: autoDraw = False
270.8997 	EXP 	fixation: autoDraw = True
271.8997 	EXP 	fixation: autoDraw = False
271.8997 	EXP 	line1: autoDraw = True
271.8997 	EXP 	line2: autoDraw = True
271.8997 	EXP 	line3: autoDraw = True
271.8997 	EXP 	line4: autoDraw = True
272.8991 	EXP 	probe: autoDraw = True
273.6002 	EXP 	New trial (rep=4, index=3): {'pos': -50, 'corr_resp': 'x'}
273.6017 	DATA 	Keypress: c
273.6154 	EXP 	fixation: autoDraw = False
273.6154 	EXP 	line1: autoDraw = False
273.6154 	EXP 	line2: autoDraw = False
273.6154 	EXP 	line3: autoDraw = False
273.6154 	EXP 	line4: autoDraw = False
273.6154 	EXP 	probe: autoDraw = False
273.6154 	EXP 	fixation: autoDraw = True
274.6150 	EXP 	fixation: autoDraw = False
274.6150 	EXP 	line1: autoDraw = True
274.6150 	EXP 	line2: autoDraw = True
274.6150 	EXP 	line3: autoDraw = True
274.6150 	EXP 	line4: autoDraw = True
275.6146 	EXP 	probe: autoDraw = True
276.7827 	EXP 	New trial (rep=5, index=0): {'pos': -50, 'corr_resp': 'x'}
276.7838 	DATA 	Keypress: x
276.7978 	EXP 	fixation: autoDraw = False
276.7978 	EXP 	line1: autoDraw = False
276.7978 	EXP 	line2: autoDraw = False
276.7978 	EXP 	line3: autoDraw = False
276.7978 	EXP 	line4: autoDraw = False
276.7978 	EXP 	probe: autoDraw = False
276.7978 	EXP 	fixation: autoDraw = True
277.7974 	EXP 	fixation: autoDraw = False
277.7974 	EXP 	line1: autoDraw = True
277.7974 	EXP 	line2: autoDraw = True
277.7974 	EXP 	line3: autoDraw = True
277.7974 	EXP 	line4: autoDraw = True
278.7971 	EXP 	probe: autoDraw = True
279.4658 	DATA 	Keypress: x
279.4822 	EXP 	New trial (rep=5, index=1): {'pos': 50, 'corr_resp': 'c'}
279.4970 	EXP 	fixation: autoDraw = False
279.4970 	EXP 	line1: autoDraw = False
279.4970 	EXP 	line2: autoDraw = False
279.4970 	EXP 	line3: autoDraw = False
279.4970 	EXP 	line4: autoDraw = False
279.4970 	EXP 	probe: autoDraw = False
279.4970 	EXP 	fixation: autoDraw = True
280.4965 	EXP 	fixation: autoDraw = False
280.4965 	EXP 	line1: autoDraw = True
280.4965 	EXP 	line2: autoDraw = True
280.4965 	EXP 	line3: autoDraw = True
280.4965 	EXP 	line4: autoDraw = True
281.4965 	EXP 	probe: autoDraw = True
282.1984 	EXP 	New trial (rep=5, index=2): {'pos': -150, 'corr_resp': 'z'}
282.2000 	DATA 	Keypress: c
282.2132 	EXP 	fixation: autoDraw = False
282.2132 	EXP 	line1: autoDraw = False
282.2132 	EXP 	line2: autoDraw = False
282.2132 	EXP 	line3: autoDraw = False
282.2132 	EXP 	line4: autoDraw = False
282.2132 	EXP 	probe: autoDraw = False
282.2132 	EXP 	fixation: autoDraw = True
283.2126 	EXP 	fixation: autoDraw = False
283.2126 	EXP 	line1: autoDraw = True
283.2126 	EXP 	line2: autoDraw = True
283.2126 	EXP 	line3: autoDraw = True
283.2126 	EXP 	line4: autoDraw = True
284.2125 	EXP 	probe: autoDraw = True
284.6818 	DATA 	Keypress: z
284.6974 	EXP 	New trial (rep=5, index=3): {'pos': -150, 'corr_resp': 'z'}
284.7123 	EXP 	fixation: autoDraw = False
284.7123 	EXP 	line1: autoDraw = False
284.7123 	EXP 	line2: autoDraw = False
284.7123 	EXP 	line3: autoDraw = False
284.7123 	EXP 	line4: autoDraw = False
284.7123 	EXP 	probe: autoDraw = False
284.7123 	EXP 	fixation: autoDraw = True
285.6956 	EXP 	line1: autoDraw = True
285.6956 	EXP 	line2: autoDraw = True
285.6956 	EXP 	line3: autoDraw = True
285.6956 	EXP 	line4: autoDraw = True
285.7122 	EXP 	fixation: autoDraw = False
286.7117 	EXP 	probe: autoDraw = True
287.0803 	EXP 	New trial (rep=6, index=0): {'pos': 50, 'corr_resp': 'c'}
287.0814 	DATA 	Keypress: z
287.0954 	EXP 	fixation: autoDraw = False
287.0954 	EXP 	line1: autoDraw = False
287.0954 	EXP 	line2: autoDraw = False
287.0954 	EXP 	line3: autoDraw = False
287.0954 	EXP 	line4: autoDraw = False
287.0954 	EXP 	probe: autoDraw = False
287.0954 	EXP 	fixation: autoDraw = True
288.0948 	EXP 	fixation: autoDraw = False
288.0948 	EXP 	line1: autoDraw = True
288.0948 	EXP 	line2: autoDraw = True
288.0948 	EXP 	line3: autoDraw = True
288.0948 	EXP 	line4: autoDraw = True
289.0947 	EXP 	probe: autoDraw = True
289.6290 	EXP 	New trial (rep=6, index=1): {'pos': 50, 'corr_resp': 'c'}
289.6301 	DATA 	Keypress: c
289.6445 	EXP 	fixation: autoDraw = False
289.6445 	EXP 	line1: autoDraw = False
289.6445 	EXP 	line2: autoDraw = False
289.6445 	EXP 	line3: autoDraw = False
289.6445 	EXP 	line4: autoDraw = False
289.6445 	EXP 	probe: autoDraw = False
289.6445 	EXP 	fixation: autoDraw = True
290.6441 	EXP 	fixation: autoDraw = False
290.6441 	EXP 	line1: autoDraw = True
290.6441 	EXP 	line2: autoDraw = True
290.6441 	EXP 	line3: autoDraw = True
290.6441 	EXP 	line4: autoDraw = True
291.6439 	EXP 	probe: autoDraw = True
292.2955 	EXP 	New trial (rep=6, index=2): {'pos': -50, 'corr_resp': 'x'}
292.2968 	DATA 	Keypress: c
292.3103 	EXP 	fixation: autoDraw = False
292.3103 	EXP 	line1: autoDraw = False
292.3103 	EXP 	line2: autoDraw = False
292.3103 	EXP 	line3: autoDraw = False
292.3103 	EXP 	line4: autoDraw = False
292.3103 	EXP 	probe: autoDraw = False
292.3103 	EXP 	fixation: autoDraw = True
293.3104 	EXP 	fixation: autoDraw = False
293.3104 	EXP 	line1: autoDraw = True
293.3104 	EXP 	line2: autoDraw = True
293.3104 	EXP 	line3: autoDraw = True
293.3104 	EXP 	line4: autoDraw = True
294.3100 	EXP 	probe: autoDraw = True
294.8627 	EXP 	New trial (rep=6, index=3): {'pos': 50, 'corr_resp': 'c'}
294.8640 	DATA 	Keypress: x
294.8768 	EXP 	fixation: autoDraw = False
294.8768 	EXP 	line1: autoDraw = False
294.8768 	EXP 	line2: autoDraw = False
294.8768 	EXP 	line3: autoDraw = False
294.8768 	EXP 	line4: autoDraw = False
294.8768 	EXP 	probe: autoDraw = False
294.8768 	EXP 	fixation: autoDraw = True
295.8764 	EXP 	fixation: autoDraw = False
295.8764 	EXP 	line1: autoDraw = True
295.8764 	EXP 	line2: autoDraw = True
295.8764 	EXP 	line3: autoDraw = True
295.8764 	EXP 	line4: autoDraw = True
296.8758 	EXP 	probe: autoDraw = True
297.5779 	EXP 	New trial (rep=7, index=0): {'pos': 150, 'corr_resp': 'v'}
297.5792 	DATA 	Keypress: c
297.5925 	EXP 	fixation: autoDraw = False
297.5925 	EXP 	line1: autoDraw = False
297.5925 	EXP 	line2: autoDraw = False
297.5925 	EXP 	line3: autoDraw = False
297.5925 	EXP 	line4: autoDraw = False
297.5925 	EXP 	probe: autoDraw = False
297.5925 	EXP 	fixation: autoDraw = True
298.5921 	EXP 	fixation: autoDraw = False
298.5921 	EXP 	line1: autoDraw = True
298.5921 	EXP 	line2: autoDraw = True
298.5921 	EXP 	line3: autoDraw = True
298.5921 	EXP 	line4: autoDraw = True
299.5924 	EXP 	probe: autoDraw = True
300.0770 	EXP 	New trial (rep=7, index=1): {'pos': 50, 'corr_resp': 'c'}
300.0783 	DATA 	Keypress: v
300.0918 	EXP 	fixation: autoDraw = False
300.0918 	EXP 	line1: autoDraw = False
300.0918 	EXP 	line2: autoDraw = False
300.0918 	EXP 	line3: autoDraw = False
300.0918 	EXP 	line4: autoDraw = False
300.0918 	EXP 	probe: autoDraw = False
300.0918 	EXP 	fixation: autoDraw = True
301.0915 	EXP 	fixation: autoDraw = False
301.0915 	EXP 	line1: autoDraw = True
301.0915 	EXP 	line2: autoDraw = True
301.0915 	EXP 	line3: autoDraw = True
301.0915 	EXP 	line4: autoDraw = True
302.0912 	EXP 	probe: autoDraw = True
302.6595 	EXP 	New trial (rep=7, index=2): {'pos': -150, 'corr_resp': 'z'}
302.6609 	DATA 	Keypress: c
302.6749 	EXP 	fixation: autoDraw = False
302.6749 	EXP 	line1: autoDraw = False
302.6749 	EXP 	line2: autoDraw = False
302.6749 	EXP 	line3: autoDraw = False
302.6749 	EXP 	line4: autoDraw = False
302.6749 	EXP 	probe: autoDraw = False
302.6749 	EXP 	fixation: autoDraw = True
303.6741 	EXP 	fixation: autoDraw = False
303.6741 	EXP 	line1: autoDraw = True
303.6741 	EXP 	line2: autoDraw = True
303.6741 	EXP 	line3: autoDraw = True
303.6741 	EXP 	line4: autoDraw = True
304.6738 	EXP 	probe: autoDraw = True
305.1423 	EXP 	New trial (rep=7, index=3): {'pos': -150, 'corr_resp': 'z'}
305.1438 	DATA 	Keypress: z
305.1573 	EXP 	fixation: autoDraw = False
305.1573 	EXP 	line1: autoDraw = False
305.1573 	EXP 	line2: autoDraw = False
305.1573 	EXP 	line3: autoDraw = False
305.1573 	EXP 	line4: autoDraw = False
305.1573 	EXP 	probe: autoDraw = False
305.1573 	EXP 	fixation: autoDraw = True
306.1570 	EXP 	fixation: autoDraw = False
306.1570 	EXP 	line1: autoDraw = True
306.1570 	EXP 	line2: autoDraw = True
306.1570 	EXP 	line3: autoDraw = True
306.1570 	EXP 	line4: autoDraw = True
307.1567 	EXP 	probe: autoDraw = True
307.7745 	EXP 	New trial (rep=8, index=0): {'pos': 150, 'corr_resp': 'v'}
307.7754 	DATA 	Keypress: z
307.7901 	EXP 	fixation: autoDraw = False
307.7901 	EXP 	line1: autoDraw = False
307.7901 	EXP 	line2: autoDraw = False
307.7901 	EXP 	line3: autoDraw = False
307.7901 	EXP 	line4: autoDraw = False
307.7901 	EXP 	probe: autoDraw = False
307.7901 	EXP 	fixation: autoDraw = True
308.7895 	EXP 	fixation: autoDraw = False
308.7895 	EXP 	line1: autoDraw = True
308.7895 	EXP 	line2: autoDraw = True
308.7895 	EXP 	line3: autoDraw = True
308.7895 	EXP 	line4: autoDraw = True
309.7893 	EXP 	probe: autoDraw = True
310.9904 	EXP 	New trial (rep=8, index=1): {'pos': -150, 'corr_resp': 'z'}
310.9915 	DATA 	Keypress: v
311.0058 	EXP 	fixation: autoDraw = False
311.0058 	EXP 	line1: autoDraw = False
311.0058 	EXP 	line2: autoDraw = False
311.0058 	EXP 	line3: autoDraw = False
311.0058 	EXP 	line4: autoDraw = False
311.0058 	EXP 	probe: autoDraw = False
311.0058 	EXP 	fixation: autoDraw = True
312.0054 	EXP 	fixation: autoDraw = False
312.0054 	EXP 	line1: autoDraw = True
312.0054 	EXP 	line2: autoDraw = True
312.0054 	EXP 	line3: autoDraw = True
312.0054 	EXP 	line4: autoDraw = True
313.0052 	EXP 	probe: autoDraw = True
313.8239 	EXP 	New trial (rep=8, index=2): {'pos': -150, 'corr_resp': 'z'}
313.8249 	DATA 	Keypress: z
313.8385 	EXP 	fixation: autoDraw = False
313.8385 	EXP 	line1: autoDraw = False
313.8385 	EXP 	line2: autoDraw = False
313.8385 	EXP 	line3: autoDraw = False
313.8385 	EXP 	line4: autoDraw = False
313.8385 	EXP 	probe: autoDraw = False
313.8385 	EXP 	fixation: autoDraw = True
314.8381 	EXP 	fixation: autoDraw = False
314.8381 	EXP 	line1: autoDraw = True
314.8381 	EXP 	line2: autoDraw = True
314.8381 	EXP 	line3: autoDraw = True
314.8381 	EXP 	line4: autoDraw = True
315.8377 	EXP 	probe: autoDraw = True
316.2737 	EXP 	New trial (rep=8, index=3): {'pos': -50, 'corr_resp': 'x'}
316.2747 	DATA 	Keypress: z
316.2876 	EXP 	fixation: autoDraw = False
316.2876 	EXP 	line1: autoDraw = False
316.2876 	EXP 	line2: autoDraw = False
316.2876 	EXP 	line3: autoDraw = False
316.2876 	EXP 	line4: autoDraw = False
316.2876 	EXP 	probe: autoDraw = False
316.2876 	EXP 	fixation: autoDraw = True
317.2874 	EXP 	fixation: autoDraw = False
317.2874 	EXP 	line1: autoDraw = True
317.2874 	EXP 	line2: autoDraw = True
317.2874 	EXP 	line3: autoDraw = True
317.2874 	EXP 	line4: autoDraw = True
318.2871 	EXP 	probe: autoDraw = True
319.5226 	EXP 	New trial (rep=9, index=0): {'pos': -50, 'corr_resp': 'x'}
319.5242 	DATA 	Keypress: x
319.5372 	EXP 	fixation: autoDraw = False
319.5372 	EXP 	line1: autoDraw = False
319.5372 	EXP 	line2: autoDraw = False
319.5372 	EXP 	line3: autoDraw = False
319.5372 	EXP 	line4: autoDraw = False
319.5372 	EXP 	probe: autoDraw = False
319.5372 	EXP 	fixation: autoDraw = True
320.5365 	EXP 	fixation: autoDraw = False
320.5365 	EXP 	line1: autoDraw = True
320.5365 	EXP 	line2: autoDraw = True
320.5365 	EXP 	line3: autoDraw = True
320.5365 	EXP 	line4: autoDraw = True
321.5365 	EXP 	probe: autoDraw = True
322.1042 	EXP 	New trial (rep=9, index=1): {'pos': -150, 'corr_resp': 'z'}
322.1053 	DATA 	Keypress: x
322.1198 	EXP 	fixation: autoDraw = False
322.1198 	EXP 	line1: autoDraw = False
322.1198 	EXP 	line2: autoDraw = False
322.1198 	EXP 	line3: autoDraw = False
322.1198 	EXP 	line4: autoDraw = False
322.1198 	EXP 	probe: autoDraw = False
322.1198 	EXP 	fixation: autoDraw = True
323.1193 	EXP 	fixation: autoDraw = False
323.1193 	EXP 	line1: autoDraw = True
323.1193 	EXP 	line2: autoDraw = True
323.1193 	EXP 	line3: autoDraw = True
323.1193 	EXP 	line4: autoDraw = True
324.1191 	EXP 	probe: autoDraw = True
324.6204 	EXP 	New trial (rep=9, index=2): {'pos': -50, 'corr_resp': 'x'}
324.6216 	DATA 	Keypress: z
324.6359 	EXP 	fixation: autoDraw = False
324.6359 	EXP 	line1: autoDraw = False
324.6359 	EXP 	line2: autoDraw = False
324.6359 	EXP 	line3: autoDraw = False
324.6359 	EXP 	line4: autoDraw = False
324.6359 	EXP 	probe: autoDraw = False
324.6359 	EXP 	fixation: autoDraw = True
325.6354 	EXP 	fixation: autoDraw = False
325.6354 	EXP 	line1: autoDraw = True
325.6354 	EXP 	line2: autoDraw = True
325.6354 	EXP 	line3: autoDraw = True
325.6354 	EXP 	line4: autoDraw = True
326.6352 	EXP 	probe: autoDraw = True
327.3363 	EXP 	New trial (rep=9, index=3): {'pos': 150, 'corr_resp': 'v'}
327.3378 	DATA 	Keypress: x
327.3516 	EXP 	fixation: autoDraw = False
327.3516 	EXP 	line1: autoDraw = False
327.3516 	EXP 	line2: autoDraw = False
327.3516 	EXP 	line3: autoDraw = False
327.3516 	EXP 	line4: autoDraw = False
327.3516 	EXP 	probe: autoDraw = False
327.3516 	EXP 	fixation: autoDraw = True
328.3349 	EXP 	line1: autoDraw = True
328.3349 	EXP 	line2: autoDraw = True
328.3349 	EXP 	line3: autoDraw = True
328.3349 	EXP 	line4: autoDraw = True
328.3513 	EXP 	fixation: autoDraw = False
329.3512 	EXP 	probe: autoDraw = True
329.8530 	EXP 	New trial (rep=10, index=0): {'pos': 150, 'corr_resp': 'v'}
329.8542 	DATA 	Keypress: v
329.8680 	EXP 	fixation: autoDraw = False
329.8680 	EXP 	line1: autoDraw = False
329.8680 	EXP 	line2: autoDraw = False
329.8680 	EXP 	line3: autoDraw = False
329.8680 	EXP 	line4: autoDraw = False
329.8680 	EXP 	probe: autoDraw = False
329.8680 	EXP 	fixation: autoDraw = True
330.8677 	EXP 	fixation: autoDraw = False
330.8677 	EXP 	line1: autoDraw = True
330.8677 	EXP 	line2: autoDraw = True
330.8677 	EXP 	line3: autoDraw = True
330.8677 	EXP 	line4: autoDraw = True
331.8673 	EXP 	probe: autoDraw = True
332.3522 	EXP 	New trial (rep=10, index=1): {'pos': -50, 'corr_resp': 'x'}
332.3538 	DATA 	Keypress: v
332.3671 	EXP 	fixation: autoDraw = False
332.3671 	EXP 	line1: autoDraw = False
332.3671 	EXP 	line2: autoDraw = False
332.3671 	EXP 	line3: autoDraw = False
332.3671 	EXP 	line4: autoDraw = False
332.3671 	EXP 	probe: autoDraw = False
332.3671 	EXP 	fixation: autoDraw = True
333.3669 	EXP 	fixation: autoDraw = False
333.3669 	EXP 	line1: autoDraw = True
333.3669 	EXP 	line2: autoDraw = True
333.3669 	EXP 	line3: autoDraw = True
333.3669 	EXP 	line4: autoDraw = True
334.3662 	EXP 	probe: autoDraw = True
334.9848 	EXP 	New trial (rep=10, index=2): {'pos': 150, 'corr_resp': 'v'}
334.9864 	DATA 	Keypress: x
335.0000 	EXP 	fixation: autoDraw = False
335.0000 	EXP 	line1: autoDraw = False
335.0000 	EXP 	line2: autoDraw = False
335.0000 	EXP 	line3: autoDraw = False
335.0000 	EXP 	line4: autoDraw = False
335.0000 	EXP 	probe: autoDraw = False
335.0000 	EXP 	fixation: autoDraw = True
335.9997 	EXP 	fixation: autoDraw = False
335.9997 	EXP 	line1: autoDraw = True
335.9997 	EXP 	line2: autoDraw = True
335.9997 	EXP 	line3: autoDraw = True
335.9997 	EXP 	line4: autoDraw = True
336.9994 	EXP 	probe: autoDraw = True
337.6014 	EXP 	New trial (rep=10, index=3): {'pos': -150, 'corr_resp': 'z'}
337.6030 	DATA 	Keypress: v
337.6156 	EXP 	fixation: autoDraw = False
337.6156 	EXP 	line1: autoDraw = False
337.6156 	EXP 	line2: autoDraw = False
337.6156 	EXP 	line3: autoDraw = False
337.6156 	EXP 	line4: autoDraw = False
337.6156 	EXP 	probe: autoDraw = False
337.6156 	EXP 	fixation: autoDraw = True
338.6155 	EXP 	fixation: autoDraw = False
338.6155 	EXP 	line1: autoDraw = True
338.6155 	EXP 	line2: autoDraw = True
338.6155 	EXP 	line3: autoDraw = True
338.6155 	EXP 	line4: autoDraw = True
339.6152 	EXP 	probe: autoDraw = True
340.1162 	EXP 	New trial (rep=11, index=0): {'pos': 50, 'corr_resp': 'c'}
340.1175 	DATA 	Keypress: z
340.1317 	EXP 	fixation: autoDraw = False
340.1317 	EXP 	line1: autoDraw = False
340.1317 	EXP 	line2: autoDraw = False
340.1317 	EXP 	line3: autoDraw = False
340.1317 	EXP 	line4: autoDraw = False
340.1317 	EXP 	probe: autoDraw = False
340.1317 	EXP 	fixation: autoDraw = True
341.1314 	EXP 	fixation: autoDraw = False
341.1314 	EXP 	line1: autoDraw = True
341.1314 	EXP 	line2: autoDraw = True
341.1314 	EXP 	line3: autoDraw = True
341.1314 	EXP 	line4: autoDraw = True
342.1311 	EXP 	probe: autoDraw = True
343.0492 	EXP 	New trial (rep=11, index=1): {'pos': 150, 'corr_resp': 'v'}
343.0503 	DATA 	Keypress: c
343.0646 	EXP 	fixation: autoDraw = False
343.0646 	EXP 	line1: autoDraw = False
343.0646 	EXP 	line2: autoDraw = False
343.0646 	EXP 	line3: autoDraw = False
343.0646 	EXP 	line4: autoDraw = False
343.0646 	EXP 	probe: autoDraw = False
343.0646 	EXP 	fixation: autoDraw = True
344.0640 	EXP 	fixation: autoDraw = False
344.0640 	EXP 	line1: autoDraw = True
344.0640 	EXP 	line2: autoDraw = True
344.0640 	EXP 	line3: autoDraw = True
344.0640 	EXP 	line4: autoDraw = True
345.0638 	EXP 	probe: autoDraw = True
345.6150 	EXP 	New trial (rep=11, index=2): {'pos': -50, 'corr_resp': 'x'}
345.6161 	DATA 	Keypress: v
345.6303 	EXP 	fixation: autoDraw = False
345.6303 	EXP 	line1: autoDraw = False
345.6303 	EXP 	line2: autoDraw = False
345.6303 	EXP 	line3: autoDraw = False
345.6303 	EXP 	line4: autoDraw = False
345.6303 	EXP 	probe: autoDraw = False
345.6303 	EXP 	fixation: autoDraw = True
346.6301 	EXP 	fixation: autoDraw = False
346.6301 	EXP 	line1: autoDraw = True
346.6301 	EXP 	line2: autoDraw = True
346.6301 	EXP 	line3: autoDraw = True
346.6301 	EXP 	line4: autoDraw = True
347.6300 	EXP 	probe: autoDraw = True
348.3820 	DATA 	Keypress: x
348.3982 	EXP 	New trial (rep=11, index=3): {'pos': 150, 'corr_resp': 'v'}
348.4128 	EXP 	fixation: autoDraw = False
348.4128 	EXP 	line1: autoDraw = False
348.4128 	EXP 	line2: autoDraw = False
348.4128 	EXP 	line3: autoDraw = False
348.4128 	EXP 	line4: autoDraw = False
348.4128 	EXP 	probe: autoDraw = False
348.4128 	EXP 	fixation: autoDraw = True
349.4125 	EXP 	fixation: autoDraw = False
349.4125 	EXP 	line1: autoDraw = True
349.4125 	EXP 	line2: autoDraw = True
349.4125 	EXP 	line3: autoDraw = True
349.4125 	EXP 	line4: autoDraw = True
350.4125 	EXP 	probe: autoDraw = True
350.8815 	DATA 	Keypress: v
350.8962 	EXP 	fixation: autoDraw = False
350.8962 	EXP 	line1: autoDraw = False
350.8962 	EXP 	line2: autoDraw = False
350.8962 	EXP 	line3: autoDraw = False
350.8962 	EXP 	line4: autoDraw = False
350.8962 	EXP 	probe: autoDraw = False
351.3322 	EXP 	window1: mouseVisible = True
